<?xml version="1.0" encoding="UTF-8"?>
<!-- Generated by org.testng.reporters.JUnitReportReporter -->
<testsuite hostname="Sid-PC" failures="0" tests="1" name="tests.NavigationTest" time="8.588" errors="0" timestamp="2024-05-20T21:55:44 IST" skipped="0">
  <testcase classname="tests.NavigationTest" name="navigateToAppTest" time="8.588"/>
</testsuite> <!-- tests.NavigationTest -->
