<?xml version="1.0" encoding="UTF-8"?>
<!-- Generated by org.testng.reporters.JUnitReportReporter -->
<testsuite hostname="DEV-NANO1" failures="0" tests="5" name="tests.VistaRegisterationTestScenarioClass" time="48.993" errors="0" timestamp="2024-05-27T19:22:08 GST" skipped="0">
  <testcase classname="tests.VistaRegisterationTestScenarioClass" name="RegisterationFunctionality_PositiveScenario_RegisterationScenario1" time="11.299"/>
  <system-out/>
  <testcase classname="tests.VistaRegisterationTestScenarioClass" name="RegisterationFunctionality__NegativeScenaio_RegisterationScenario2" time="9.353"/>
  <system-out/>
  <testcase classname="tests.VistaRegisterationTestScenarioClass" name="RegisterationFunctionality__NegativeScenaio_RegisterationScenario3" time="10.237"/>
  <system-out/>
  <testcase classname="tests.VistaRegisterationTestScenarioClass" name="RegisterationFunctionality__NegativeScenaio_RegisterationScenario4" time="9.292"/>
  <system-out/>
  <testcase classname="tests.VistaRegisterationTestScenarioClass" name="RegisterationFunctionality__NegativeScenaio_RegisterationScenario5" time="8.812"/>
  <system-out/>
</testsuite> <!-- tests.VistaRegisterationTestScenarioClass -->
