<?xml version="1.0" encoding="UTF-8"?>
<!-- Generated by org.testng.reporters.JUnitReportReporter -->
<testsuite hostname="DEV-NANO1" failures="0" tests="5" name="tests.VistaRegisterationTestScenarioClass" time="56.805" errors="0" timestamp="2024-05-26T12:52:28 GST" skipped="0">
  <testcase classname="tests.VistaRegisterationTestScenarioClass" name="RegisterationFunctionality_PositiveScenario_RegisterationScenario1" time="13.403"/>
  <system-out/>
  <testcase classname="tests.VistaRegisterationTestScenarioClass" name="RegisterationFunctionality__NegativeScenaio_RegisterationScenario2" time="10.520"/>
  <system-out/>
  <testcase classname="tests.VistaRegisterationTestScenarioClass" name="RegisterationFunctionality__NegativeScenaio_RegisterationScenario3" time="11.573"/>
  <system-out/>
  <testcase classname="tests.VistaRegisterationTestScenarioClass" name="RegisterationFunctionality__NegativeScenaio_RegisterationScenario4" time="11.074"/>
  <system-out/>
  <testcase classname="tests.VistaRegisterationTestScenarioClass" name="RegisterationFunctionality__NegativeScenaio_RegisterationScenario5" time="10.235"/>
  <system-out/>
</testsuite> <!-- tests.VistaRegisterationTestScenarioClass -->
