<?xml version="1.0" encoding="UTF-8"?>
<!-- Generated by org.testng.reporters.JUnitReportReporter -->
<testsuite hostname="DEV-NANO1" failures="0" tests="8" name="tests.VistaTestScenariosClass" time="137.743" errors="0" timestamp="2024-05-26T00:55:32 GST" skipped="0">
  <testcase classname="tests.VistaTestScenariosClass" name="LoginFunctionality_NegativeScenario_LoginScenario2" time="21.417"/>
  <system-out/>
  <testcase classname="tests.VistaTestScenariosClass" name="LoginFunctionality_PositiveScenario_LoginScenario1" time="16.148"/>
  <system-out/>
  <testcase classname="tests.VistaTestScenariosClass" name="RegisterationFunctionality__NegativeScenaio_RegisterationScenario4" time="20.987"/>
  <system-out/>
  <testcase classname="tests.VistaTestScenariosClass" name="RegisterationFunctionality__NegativeScenaio_RegisterationScenario3" time="12.481"/>
  <system-out/>
  <testcase classname="tests.VistaTestScenariosClass" name="RegisterationFunctionality_PositiveScenario_RegisterationScenario1" time="14.838"/>
  <system-out/>
  <testcase classname="tests.VistaTestScenariosClass" name="RegisterationFunctionality__NegativeScenaio_RegisterationScenario2" time="18.003"/>
  <system-out/>
  <testcase classname="tests.VistaTestScenariosClass" name="LoginFunctionality_PositiveScenario_LoginScenario3" time="19.029"/>
  <system-out/>
  <testcase classname="tests.VistaTestScenariosClass" name="RegisterationFunctionality__NegativeScenaio_RegisterationScenario5" time="14.840"/>
  <system-out/>
</testsuite> <!-- tests.VistaTestScenariosClass -->
