<?xml version="1.0" encoding="UTF-8"?>
<!-- Generated by org.testng.reporters.JUnitReportReporter -->
<testsuite hostname="DEV-NANO1" failures="0" tests="1" name="tests.VistaShoppingTestScenarioClass" time="714.422" errors="0" timestamp="2024-05-28T19:31:53 GST" skipped="0">
  <testcase classname="tests.VistaShoppingTestScenarioClass" name="Shopping_PositiveScenario_Scenario1" time="714.422"/>
  <system-out/>
</testsuite> <!-- tests.VistaShoppingTestScenarioClass -->
