<?xml version="1.0" encoding="UTF-8"?>
<!-- Generated by org.testng.reporters.JUnitReportReporter -->
<testsuite hostname="Sid-PC" failures="0" tests="1" name="tests.GTPLBankLoginTest" time="12.776" errors="0" timestamp="2024-05-23T21:29:29 IST" skipped="0">
  <testcase classname="tests.GTPLBankLoginTest" name="testLoginFunctionalityPositive" time="12.776"/>
</testsuite> <!-- tests.GTPLBankLoginTest -->
