<?xml version="1.0" encoding="UTF-8"?>
<!-- Generated by org.testng.reporters.JUnitReportReporter -->
<testsuite hostname="DEV-NANO1" failures="0" tests="5" name="tests.VistaTestClass" time="72.816" errors="0" timestamp="2024-05-25T23:56:58 GST" skipped="0">
  <testcase classname="tests.VistaTestClass" name="RegisterationFunctionality__NegativeScenaio_RegisterationScenario3" time="13.124"/>
  <system-out/>
  <testcase classname="tests.VistaTestClass" name="RegisterationFunctionality__NegativeScenaio_RegisterationScenario2" time="14.663"/>
  <system-out/>
  <testcase classname="tests.VistaTestClass" name="RegisterationFunctionality__NegativeScenaio_RegisterationScenario5" time="13.299"/>
  <system-out/>
  <testcase classname="tests.VistaTestClass" name="RegisterationFunctionality_PositiveScenario_RegisterationScenario1" time="18.908"/>
  <system-out/>
  <testcase classname="tests.VistaTestClass" name="RegisterationFunctionality__NegativeScenaio_RegisterationScenario4" time="12.822"/>
  <system-out/>
</testsuite> <!-- tests.VistaTestClass -->
