<?xml version="1.0" encoding="UTF-8"?>
<!-- Generated by org.testng.reporters.JUnitReportReporter -->
<testsuite hostname="DEV-NANO1" failures="0" tests="1" name="tests.GTPLBankLoginTest" time="10.818" errors="0" timestamp="2024-05-25T10:30:18 GST" skipped="0">
  <testcase classname="tests.GTPLBankLoginTest" name="testLoginFunctionalityPositive" time="10.818"/>
  <system-out/>
</testsuite> <!-- tests.GTPLBankLoginTest -->
